<?xml version="1.0" encoding="UTF-8"?>
<!-- Generated by org.testng.reporters.JUnitXMLReporter -->
<testsuite hostname="KL66JS811UD6CKZ" name="testCourse" tests="8" failures="4" timestamp="7 Nov 2018 05:22:56 GMT" time="0.033" errors="0">
  <testcase name="@BeforeTest setUp" time="0.0" classname="com.javademo.cases.testCourse">
    <failure type="org.testng.TestNGException" message="
Method setUp requires 2 parameters but 0 were supplied in the @Configuration annotation.">
      <![CDATA[org.testng.TestNGException: 
Method setUp requires 2 parameters but 0 were supplied in the @Configuration annotation.
... Removed 24 stack frames]]>
    </failure>
  </testcase> <!-- @BeforeTest setUp -->
  <testcase name="@AfterTest tearDown" time="0.0" classname="com.javademo.cases.testCourse">
    <skipped/>
  </testcase> <!-- @AfterTest tearDown -->
  <testcase name="testAnsweringQuestion" time="0.002" classname="com.javademo.cases.testCourse">
    <skipped/>
  </testcase> <!-- testAnsweringQuestion -->
  <testcase name="testAnsweringQuestion" time="0.002" classname="com.javademo.cases.testCourse">
    <failure type="java.lang.NullPointerException">
      <![CDATA[java.lang.NullPointerException
]]>
    </failure>
  </testcase> <!-- testAnsweringQuestion -->
  <testcase name="testDownload" time="0.001" classname="com.javademo.cases.testCourse">
    <skipped/>
  </testcase> <!-- testDownload -->
  <testcase name="testDownload" time="0.001" classname="com.javademo.cases.testCourse">
    <failure type="java.lang.NullPointerException">
      <![CDATA[java.lang.NullPointerException
]]>
    </failure>
  </testcase> <!-- testDownload -->
  <testcase name="testQuestion" time="0.002" classname="com.javademo.cases.testCourse">
    <skipped/>
  </testcase> <!-- testQuestion -->
  <testcase name="testQuestion" time="0.002" classname="com.javademo.cases.testCourse">
    <failure type="java.lang.NullPointerException">
      <![CDATA[java.lang.NullPointerException
]]>
    </failure>
  </testcase> <!-- testQuestion -->
  <testcase name="testMyCourse" time="0.002" classname="com.javademo.cases.testCourse">
    <skipped/>
  </testcase> <!-- testMyCourse -->
  <testcase name="testMyCourse" time="0.002" classname="com.javademo.cases.testCourse">
    <failure type="java.lang.NullPointerException">
      <![CDATA[java.lang.NullPointerException
]]>
    </failure>
  </testcase> <!-- testMyCourse -->
</testsuite> <!-- testCourse -->
