<?xml version="1.0" encoding="UTF-8"?>
<!-- Generated by org.testng.reporters.JUnitXMLReporter -->
<testsuite hostname="KL66JS811UD6CKZ" name="testPersonal" tests="38" failures="19" timestamp="7 Nov 2018 05:22:56 GMT" time="0.183" errors="0">
  <testcase name="@BeforeTest setUp" time="0.0" classname="com.javademo.cases.testPersonal">
    <failure type="org.testng.TestNGException" message="
Method setUp requires 2 parameters but 0 were supplied in the @Configuration annotation.">
      <![CDATA[org.testng.TestNGException: 
Method setUp requires 2 parameters but 0 were supplied in the @Configuration annotation.
... Removed 24 stack frames]]>
    </failure>
  </testcase> <!-- @BeforeTest setUp -->
  <testcase name="@AfterTest tearDown" time="0.0" classname="com.javademo.cases.testPersonal">
    <skipped/>
  </testcase> <!-- @AfterTest tearDown -->
  <testcase name="testModifyNickname" time="0.003" classname="com.javademo.cases.testPersonal">
    <skipped/>
  </testcase> <!-- testModifyNickname -->
  <testcase name="testModifyNickname" time="0.003" classname="com.javademo.cases.testPersonal">
    <failure type="java.lang.NullPointerException">
      <![CDATA[java.lang.NullPointerException
]]>
    </failure>
  </testcase> <!-- testModifyNickname -->
  <testcase name="modifySex" time="0.001" classname="com.javademo.cases.testPersonal">
    <skipped/>
  </testcase> <!-- modifySex -->
  <testcase name="modifySex" time="0.001" classname="com.javademo.cases.testPersonal">
    <failure type="java.lang.NullPointerException">
      <![CDATA[java.lang.NullPointerException
]]>
    </failure>
  </testcase> <!-- modifySex -->
  <testcase name="modifyBirth" time="0.001" classname="com.javademo.cases.testPersonal">
    <skipped/>
  </testcase> <!-- modifyBirth -->
  <testcase name="modifyBirth" time="0.002" classname="com.javademo.cases.testPersonal">
    <failure type="java.lang.NullPointerException">
      <![CDATA[java.lang.NullPointerException
]]>
    </failure>
  </testcase> <!-- modifyBirth -->
  <testcase name="modifyState" time="0.002" classname="com.javademo.cases.testPersonal">
    <skipped/>
  </testcase> <!-- modifyState -->
  <testcase name="modifyState" time="0.002" classname="com.javademo.cases.testPersonal">
    <failure type="java.lang.NullPointerException">
      <![CDATA[java.lang.NullPointerException
]]>
    </failure>
  </testcase> <!-- modifyState -->
  <testcase name="modifySchool" time="0.001" classname="com.javademo.cases.testPersonal">
    <skipped/>
  </testcase> <!-- modifySchool -->
  <testcase name="modifySchool" time="0.002" classname="com.javademo.cases.testPersonal">
    <failure type="java.lang.NullPointerException">
      <![CDATA[java.lang.NullPointerException
]]>
    </failure>
  </testcase> <!-- modifySchool -->
  <testcase name="modifyMajor" time="0.001" classname="com.javademo.cases.testPersonal">
    <skipped/>
  </testcase> <!-- modifyMajor -->
  <testcase name="modifyMajor" time="0.001" classname="com.javademo.cases.testPersonal">
    <failure type="java.lang.NullPointerException">
      <![CDATA[java.lang.NullPointerException
]]>
    </failure>
  </testcase> <!-- modifyMajor -->
  <testcase name="modifyOccupation" time="0.002" classname="com.javademo.cases.testPersonal">
    <skipped/>
  </testcase> <!-- modifyOccupation -->
  <testcase name="modifyOccupation" time="0.002" classname="com.javademo.cases.testPersonal">
    <failure type="java.lang.NullPointerException">
      <![CDATA[java.lang.NullPointerException
]]>
    </failure>
  </testcase> <!-- modifyOccupation -->
  <testcase name="modifyCompany" time="0.002" classname="com.javademo.cases.testPersonal">
    <skipped/>
  </testcase> <!-- modifyCompany -->
  <testcase name="modifyCompany" time="0.002" classname="com.javademo.cases.testPersonal">
    <failure type="java.lang.NullPointerException">
      <![CDATA[java.lang.NullPointerException
]]>
    </failure>
  </testcase> <!-- modifyCompany -->
  <testcase name="modifyPosition" time="0.002" classname="com.javademo.cases.testPersonal">
    <skipped/>
  </testcase> <!-- modifyPosition -->
  <testcase name="modifyPosition" time="0.002" classname="com.javademo.cases.testPersonal">
    <failure type="java.lang.NullPointerException">
      <![CDATA[java.lang.NullPointerException
]]>
    </failure>
  </testcase> <!-- modifyPosition -->
  <testcase name="testPersonalSign" time="0.001" classname="com.javademo.cases.testPersonal">
    <skipped/>
  </testcase> <!-- testPersonalSign -->
  <testcase name="testPersonalSign" time="0.002" classname="com.javademo.cases.testPersonal">
    <failure type="java.lang.NullPointerException">
      <![CDATA[java.lang.NullPointerException
]]>
    </failure>
  </testcase> <!-- testPersonalSign -->
  <testcase name="testGiftSign" time="0.001" classname="com.javademo.cases.testPersonal">
    <skipped/>
  </testcase> <!-- testGiftSign -->
  <testcase name="testGiftSign" time="0.001" classname="com.javademo.cases.testPersonal">
    <failure type="java.lang.NullPointerException">
      <![CDATA[java.lang.NullPointerException
]]>
    </failure>
  </testcase> <!-- testGiftSign -->
  <testcase name="testGiftComment" time="0.001" classname="com.javademo.cases.testPersonal">
    <skipped/>
  </testcase> <!-- testGiftComment -->
  <testcase name="testGiftComment" time="0.003" classname="com.javademo.cases.testPersonal">
    <failure type="java.lang.NullPointerException">
      <![CDATA[java.lang.NullPointerException
]]>
    </failure>
  </testcase> <!-- testGiftComment -->
  <testcase name="testScoreCenter" time="0.001" classname="com.javademo.cases.testPersonal">
    <skipped/>
  </testcase> <!-- testScoreCenter -->
  <testcase name="testScoreCenter" time="0.002" classname="com.javademo.cases.testPersonal">
    <failure type="java.lang.NullPointerException">
      <![CDATA[java.lang.NullPointerException
]]>
    </failure>
  </testcase> <!-- testScoreCenter -->
  <testcase name="clickVideoCollection" time="0.002" classname="com.javademo.cases.testPersonal">
    <skipped/>
  </testcase> <!-- clickVideoCollection -->
  <testcase name="clickVideoCollection" time="0.002" classname="com.javademo.cases.testPersonal">
    <failure type="java.lang.NullPointerException">
      <![CDATA[java.lang.NullPointerException
]]>
    </failure>
  </testcase> <!-- clickVideoCollection -->
  <testcase name="clickCancelVideoCollection" time="0.001" classname="com.javademo.cases.testPersonal">
    <skipped/>
  </testcase> <!-- clickCancelVideoCollection -->
  <testcase name="clickCancelVideoCollection" time="0.001" classname="com.javademo.cases.testPersonal">
    <failure type="java.lang.NullPointerException">
      <![CDATA[java.lang.NullPointerException
]]>
    </failure>
  </testcase> <!-- clickCancelVideoCollection -->
  <testcase name="clickArticleCollection" time="0.002" classname="com.javademo.cases.testPersonal">
    <skipped/>
  </testcase> <!-- clickArticleCollection -->
  <testcase name="clickArticleCollection" time="0.002" classname="com.javademo.cases.testPersonal">
    <failure type="java.lang.NullPointerException">
      <![CDATA[java.lang.NullPointerException
]]>
    </failure>
  </testcase> <!-- clickArticleCollection -->
  <testcase name="testOrder" time="0.001" classname="com.javademo.cases.testPersonal">
    <skipped/>
  </testcase> <!-- testOrder -->
  <testcase name="testOrder" time="0.002" classname="com.javademo.cases.testPersonal">
    <failure type="java.lang.NullPointerException">
      <![CDATA[java.lang.NullPointerException
]]>
    </failure>
  </testcase> <!-- testOrder -->
  <testcase name="testSpitlot" time="0.002" classname="com.javademo.cases.testPersonal">
    <skipped/>
  </testcase> <!-- testSpitlot -->
  <testcase name="testSpitlot" time="0.002" classname="com.javademo.cases.testPersonal">
    <failure type="java.lang.NullPointerException">
      <![CDATA[java.lang.NullPointerException
]]>
    </failure>
  </testcase> <!-- testSpitlot -->
  <testcase name="testMall" time="0.002" classname="com.javademo.cases.testPersonal">
    <skipped/>
  </testcase> <!-- testMall -->
  <testcase name="testMall" time="0.002" classname="com.javademo.cases.testPersonal">
    <failure type="java.lang.NullPointerException">
      <![CDATA[java.lang.NullPointerException
]]>
    </failure>
  </testcase> <!-- testMall -->
</testsuite> <!-- testPersonal -->
